#
# A fatal error has been detected by the Java Runtime Environment:
#
#  SIGBUS (0xa) at pc=0x0000000110eb1eb9, pid=982, tid=4099
#
# JRE version: Java(TM) SE Runtime Environment (8.0_65-b17) (build 1.8.0_65-b17)
# Java VM: Java HotSpot(TM) 64-Bit Server VM (25.65-b01 mixed mode bsd-amd64 compressed oops)
# Problematic frame:
# C  [libzip.dylib+0x2eb9]  newEntry+0x154
#
# Failed to write core dump. Core dumps have been disabled. To enable core dumping, try "ulimit -c unlimited" before starting Java again
#
# If you would like to submit a bug report, please visit:
#   http://bugreport.java.com/bugreport/crash.jsp
# The crash happened outside the Java Virtual Machine in native code.
# See problematic frame for where to report the bug.
#

---------------  T H R E A D  ---------------

Current thread (0x00007fda54002000):  JavaThread "main" [_thread_in_native, id=4099, stack(0x0000700000084000,0x0000700000184000)]

siginfo: si_signo: 10 (SIGBUS), si_code: 2 (BUS_ADRERR), si_addr: 0x0000000128951cb3

Registers:
RAX=0x00007fda52f0d340, RBX=0x0000000128951ca7, RCX=0x0000000000000700, RDX=0x0000000000000000
RSP=0x0000700000182640, RBP=0x00007000001826a0, RSI=0x00007fda52e00000, RDI=0x000000010fc23400
R8 =0x0000000000000004, R9 =0x00000000f0000000, R10=0x000000011076d900, R11=0x00000fda52e88690
R12=0x00007fda5485d000, R13=0x0000000000000370, R14=0x00000000c41b7296, R15=0x00007fda52f7d770
RIP=0x0000000110eb1eb9, EFLAGS=0x0000000000010202, ERR=0x0000000000000004
  TRAPNO=0x000000000000000e

Top of Stack: (sp=0x0000700000182640)
0x0000700000182640:   0000700000182680 0000000010038f81
0x0000700000182650:   401bd9750f6dfe83 00007fda52c13ba0
0x0000700000182660:   0000700000182680 00007fda52f0d340
0x0000700000182670:   00007fda52e7bf70 00007fda52f0d340
0x0000700000182680:   00007fda5485d000 0000000000000370
0x0000700000182690:   00000000c41b7296 00007fda52f7d770
0x00007000001826a0:   0000700000182700 0000000110eb2554
0x00007000001826b0:   00007fda52e02545 00007fda52e02544
0x00007000001826c0:   0000002300000000 0000002400000000
0x00007000001826d0:   00007fda52e02520 0000700000182754
0x00007000001826e0:   00007fda52f0b960 000000011072da40
0x00007000001826f0:   0000700000182824 00007fda52e02520
0x0000700000182700:   0000700000182730 0000000110eb26c2
0x0000700000182710:   0000700000182730 0000000000000000
0x0000700000182720:   0000700000182824 00007fda52e02520
0x0000700000182730:   0000700000182810 000000011000abf5
0x0000700000182740:   0000700000182a98 0000003000000018
0x0000700000182750:   0000700000182770 00007fda54002000
0x0000700000182760:   0000700000182840 00000001100bfb62
0x0000700000182770:   0000000000001001 0000000000000010
0x0000700000182780:   00007fda52e023e0 000000000000001e
0x0000700000182790:   0000000000000056 0000000000000000
0x00007000001827a0:   ff80000000001001 00007fda5400ffff
0x00007000001827b0:   00007000001827d0 0000000000000000
0x00007000001827c0:   0000000000000000 00007fda52c14a00
0x00007000001827d0:   0000700000182810 000000011000a4d6
0x00007000001827e0:   88004707bee9e2c3 00007fda54002000
0x00007000001827f0:   0000000000000006 000000011072da40
0x0000700000182800:   00007fda52f0b960 00007fda52e05bd0
0x0000700000182810:   0000700000182840 00000001100098ee
0x0000700000182820:   0000700000182840 00007fda54002000
0x0000700000182830:   00007fda52e02520 00007fda52e05bd0 

Instructions: (pc=0x0000000110eb1eb9)
0x0000000110eb1e99:   49 8b 7f 38 e8 50 1b 00 00 4d 89 77 38 49 89 5f
0x0000000110eb1ea9:   40 4c 89 f0 48 85 c0 0f 84 11 05 00 00 48 89 c3
0x0000000110eb1eb9:   0f b6 43 0c 0f b6 4b 0d 48 c1 e1 08 48 01 c1 0f
0x0000000110eb1ec9:   b6 43 0e 0f b6 53 0f 48 c1 e2 08 48 01 c2 48 c1 

Register to memory mapping:

RAX=0x00007fda52f0d340 is an unknown value
RBX=0x0000000128951ca7 is an unknown value
RCX=0x0000000000000700 is an unknown value
RDX=0x0000000000000000 is an unknown value
RSP=0x0000700000182640 is pointing into the stack for thread: 0x00007fda54002000
RBP=0x00007000001826a0 is pointing into the stack for thread: 0x00007fda54002000
RSI=0x00007fda52e00000 is an unknown value
RDI=0x000000010fc23400 is an unknown value
R8 =0x0000000000000004 is an unknown value
R9 =0x00000000f0000000 is an unknown value
R10=0x000000011076d900: _ZN19TemplateInterpreter13_active_tableE+0x4000 in /Library/Java/JavaVirtualMachines/jdk1.8.0_65.jdk/Contents/Home/jre/lib/server/libjvm.dylib at 0x000000010fe80000
R11=0x00000fda52e88690 is an unknown value
R12=0x00007fda5485d000 is an unknown value
R13=0x0000000000000370 is an unknown value
R14=0x00000000c41b7296 is an unknown value
R15=0x00007fda52f7d770 is an unknown value


Stack: [0x0000700000084000,0x0000700000184000],  sp=0x0000700000182640,  free space=1017k
Native frames: (J=compiled Java code, j=interpreted, Vv=VM code, C=native code)
C  [libzip.dylib+0x2eb9]  newEntry+0x154
C  [libzip.dylib+0x3554]  ZIP_GetEntry2+0xd4
C  [libzip.dylib+0x36c2]  ZIP_FindEntry+0x1a
V  [libjvm.dylib+0x18abf5]  ClassPathZipEntry::open_entry(char const*, int*, bool, Thread*)+0x63
V  [libjvm.dylib+0x1898ee]  ClassPathZipEntry::open_stream(char const*, Thread*)+0x24
V  [libjvm.dylib+0x189d90]  ClassLoader::load_classfile(Symbol*, Thread*)+0x180
V  [libjvm.dylib+0x53345b]  SystemDictionary::load_instance_class(Symbol*, Handle, Thread*)+0xf3
V  [libjvm.dylib+0x532dd9]  SystemDictionary::resolve_instance_class_or_null(Symbol*, Handle, Handle, Thread*)+0x48f
V  [libjvm.dylib+0x53385c]  SystemDictionary::resolve_or_null(Symbol*, Handle, Handle, Thread*)+0x106
V  [libjvm.dylib+0x533ed9]  SystemDictionary::resolve_or_fail(Symbol*, Handle, Handle, bool, Thread*)+0x31
V  [libjvm.dylib+0x1e17aa]  ConstantPool::klass_at_impl(constantPoolHandle, int, Thread*)+0x2ee
V  [libjvm.dylib+0x1f1a6e]  ConstantPool::klass_at(int, Thread*)+0x92
V  [libjvm.dylib+0x2e64df]  InterpreterRuntime::_new(JavaThread*, ConstantPool*, int)+0x2d
j  com.zeroturnaround.javarebel.U.reportUsedContainer(Ljava/lang/String;Ljava/lang/String;)V+23
j  org.zeroturnaround.jrebel.stats.id.container.ContainerIdentifier.afterMainCalled()V+155
j  com.zeroturnaround.javarebel.f.fireAfterMainCallbacks()V+41
j  com.zeroturnaround.javarebel.jF.main(Ljava/lang/Class;[Ljava/lang/String;)V+45
j  com.intellij.rt.execution.application.AppMain.main([Ljava/lang/String;)V+22
v  ~StubRoutines::call_stub
V  [libjvm.dylib+0x2eab02]  JavaCalls::call_helper(JavaValue*, methodHandle*, JavaCallArguments*, Thread*)+0x6ae
V  [libjvm.dylib+0x321814]  jni_invoke_static(JNIEnv_*, JavaValue*, _jobject*, JNICallType, _jmethodID*, JNI_ArgumentPusher*, Thread*)+0x1bf
V  [libjvm.dylib+0x31a58e]  jni_CallStaticVoidMethod+0x15d
C  [java+0x393e]  JavaMain+0x9b1
C  [libsystem_pthread.dylib+0x3c13]  _pthread_body+0x83
C  [libsystem_pthread.dylib+0x3b90]  _pthread_body+0x0
C  [libsystem_pthread.dylib+0x1375]  thread_start+0xd
C  0x0000000000000000

Java frames: (J=compiled Java code, j=interpreted, Vv=VM code)
j  com.zeroturnaround.javarebel.U.reportUsedContainer(Ljava/lang/String;Ljava/lang/String;)V+23
j  org.zeroturnaround.jrebel.stats.id.container.ContainerIdentifier.afterMainCalled()V+155
j  com.zeroturnaround.javarebel.f.fireAfterMainCallbacks()V+41
j  com.zeroturnaround.javarebel.jF.main(Ljava/lang/Class;[Ljava/lang/String;)V+45
j  com.intellij.rt.execution.application.AppMain.main([Ljava/lang/String;)V+22
v  ~StubRoutines::call_stub

---------------  P R O C E S S  ---------------

Java Threads: ( => current thread )
  0x00007fda539cf800 JavaThread "Service Thread" daemon [_thread_blocked, id=25347, stack(0x0000700001965000,0x0000700001a65000)]
  0x00007fda531d9800 JavaThread "C1 CompilerThread2" daemon [_thread_blocked, id=24835, stack(0x0000700001862000,0x0000700001962000)]
  0x00007fda531e9000 JavaThread "C2 CompilerThread1" daemon [_thread_in_native, id=24323, stack(0x000070000175f000,0x000070000185f000)]
  0x00007fda540ff800 JavaThread "C2 CompilerThread0" daemon [_thread_blocked, id=23811, stack(0x000070000165c000,0x000070000175c000)]
  0x00007fda54192000 JavaThread "rebel-debugger-thread" daemon [_thread_blocked, id=23299, stack(0x0000700001559000,0x0000700001659000)]
  0x00007fda539af800 JavaThread "rebel-heartbeat-thread" daemon [_thread_blocked, id=22787, stack(0x0000700001456000,0x0000700001556000)]
  0x00007fda539bb800 JavaThread "rebel-update-notifier-thread" daemon [_thread_in_native, id=22275, stack(0x0000700001353000,0x0000700001453000)]
  0x00007fda541cc800 JavaThread "rebel-redeploy-thread" daemon [_thread_blocked, id=21763, stack(0x0000700001250000,0x0000700001350000)]
  0x00007fda539be800 JavaThread "Thread-5" daemon [_thread_in_native, id=21251, stack(0x000070000114d000,0x000070000124d000)]
  0x00007fda531a2800 JavaThread "rebel-fsnotify-ShutdownOnTermination" daemon [_thread_blocked, id=18191, stack(0x0000700000e6f000,0x0000700000f6f000)]
  0x00007fda5391e000 JavaThread "rebel-fsnotify-OutputReader" daemon [_thread_blocked, id=19215, stack(0x0000700000d6c000,0x0000700000e6c000)]
  0x00007fda54898000 JavaThread "rebel-fsnotify-OutputReader" daemon [_thread_blocked, id=17679, stack(0x0000700000c69000,0x0000700000d69000)]
  0x00007fda54934800 JavaThread "process reaper" daemon [_thread_in_native, id=19471, stack(0x0000700000c3e000,0x0000700000c66000)]
  0x00007fda53045800 JavaThread "rebel-CacheKeepAlive" daemon [_thread_blocked, id=20999, stack(0x000070000104a000,0x000070000114a000)]
  0x00007fda54066800 JavaThread "rebel-logger" daemon [_thread_blocked, id=17155, stack(0x0000700000b3b000,0x0000700000c3b000)]
  0x00007fda54010000 JavaThread "Signal Dispatcher" daemon [_thread_blocked, id=13839, stack(0x0000700000a38000,0x0000700000b38000)]
  0x00007fda53800800 JavaThread "Finalizer" daemon [_thread_blocked, id=11779, stack(0x000070000082f000,0x000070000092f000)]
  0x00007fda53018800 JavaThread "Reference Handler" daemon [_thread_blocked, id=11267, stack(0x000070000072c000,0x000070000082c000)]
=>0x00007fda54002000 JavaThread "main" [_thread_in_native, id=4099, stack(0x0000700000084000,0x0000700000184000)]

Other Threads:
  0x00007fda54851800 VMThread [stack: 0x0000700000629000,0x0000700000729000] [id=10755]
  0x00007fda5415e800 WatcherThread [stack: 0x0000700001a68000,0x0000700001b68000] [id=25859]

VM state:not at safepoint (normal execution)

VM Mutex/Monitor currently owned by a thread: None

Heap:
 PSYoungGen      total 38400K, used 24698K [0x0000000795580000, 0x0000000798000000, 0x00000007c0000000)
  eden space 33280K, 58% used [0x0000000795580000,0x00000007968a0b88,0x0000000797600000)
  from space 5120K, 99% used [0x0000000797b00000,0x0000000797ffde80,0x0000000798000000)
  to   space 5120K, 0% used [0x0000000797600000,0x0000000797600000,0x0000000797b00000)
 ParOldGen       total 87552K, used 4881K [0x0000000740000000, 0x0000000745580000, 0x0000000795580000)
  object space 87552K, 5% used [0x0000000740000000,0x00000007404c46a0,0x0000000745580000)
 Metaspace       used 17566K, capacity 18528K, committed 18688K, reserved 1064960K
  class space    used 2194K, capacity 2495K, committed 2560K, reserved 1048576K

Card table byte_map: [0x0000000120bc0000,0x0000000120fc1000] byte_map_base: 0x000000011d1c0000

Marking Bits: (ParMarkBitMap*) 0x000000011075ee20
 Begin Bits: [0x000000012126c000, 0x000000012326c000)
 End Bits:   [0x000000012326c000, 0x000000012526c000)

Polling page: 0x0000000110e4c000

CodeCache: size=245760Kb used=2319Kb max_used=2330Kb free=243440Kb
 bounds [0x0000000111800000, 0x0000000111a70000, 0x0000000120800000]
 total_blobs=1016 nmethods=658 adapters=272
 compilation: enabled

Compilation events (10 events):
Event: 6.901 Thread 0x00007fda531d9800 nmethod 770 0x0000000111a43a10 code [0x0000000111a43b60, 0x0000000111a43c70]
Event: 6.912 Thread 0x00007fda531d9800  775       3       com.zeroturnaround.javarebel.jw::a (18 bytes)
Event: 6.912 Thread 0x00007fda531d9800 nmethod 775 0x0000000111a43cd0 code [0x0000000111a43e40, 0x0000000111a44048]
Event: 6.912 Thread 0x00007fda531d9800  776       3       sun.misc.URLClassPath::getResource (7 bytes)
Event: 6.916 Thread 0x00007fda531d9800 nmethod 776 0x0000000111a44150 code [0x0000000111a442c0, 0x0000000111a44468]
Event: 6.916 Thread 0x00007fda540ff800  777       4       sun.nio.cs.UTF_8$Encoder::encode (359 bytes)
Event: 6.952 Thread 0x00007fda540ff800 nmethod 777 0x0000000111a47890 code [0x0000000111a47a20, 0x0000000111a481a8]
Event: 6.952 Thread 0x00007fda540ff800  774       4       java.lang.String::lastIndexOf (151 bytes)
Event: 6.960 Thread 0x00007fda540ff800 nmethod 774 0x0000000111a485d0 code [0x0000000111a48740, 0x0000000111a48ab8]
Event: 6.962 Thread 0x00007fda531d9800  778       3       java.util.regex.Pattern$TreeInfo::<init> (9 bytes)

GC Heap History (4 events):
Event: 2.196 GC heap before
{Heap before GC invocations=1 (full 0):
 PSYoungGen      total 38400K, used 33280K [0x0000000795580000, 0x0000000798000000, 0x00000007c0000000)
  eden space 33280K, 100% used [0x0000000795580000,0x0000000797600000,0x0000000797600000)
  from space 5120K, 0% used [0x0000000797b00000,0x0000000797b00000,0x0000000798000000)
  to   space 5120K, 0% used [0x0000000797600000,0x0000000797600000,0x0000000797b00000)
 ParOldGen       total 87552K, used 0K [0x0000000740000000, 0x0000000745580000, 0x0000000795580000)
  object space 87552K, 0% used [0x0000000740000000,0x0000000740000000,0x0000000745580000)
 Metaspace       used 9669K, capacity 9756K, committed 9856K, reserved 1058816K
  class space    used 1107K, capacity 1138K, committed 1152K, reserved 1048576K
Event: 2.211 GC heap after
Heap after GC invocations=1 (full 0):
 PSYoungGen      total 38400K, used 3357K [0x0000000795580000, 0x0000000798000000, 0x00000007c0000000)
  eden space 33280K, 0% used [0x0000000795580000,0x0000000795580000,0x0000000797600000)
  from space 5120K, 65% used [0x0000000797600000,0x0000000797947798,0x0000000797b00000)
  to   space 5120K, 0% used [0x0000000797b00000,0x0000000797b00000,0x0000000798000000)
 ParOldGen       total 87552K, used 0K [0x0000000740000000, 0x0000000745580000, 0x0000000795580000)
  object space 87552K, 0% used [0x0000000740000000,0x0000000740000000,0x0000000745580000)
 Metaspace       used 9669K, capacity 9756K, committed 9856K, reserved 1058816K
  class space    used 1107K, capacity 1138K, committed 1152K, reserved 1048576K
}
Event: 4.743 GC heap before
{Heap before GC invocations=2 (full 0):
 PSYoungGen      total 38400K, used 36637K [0x0000000795580000, 0x0000000798000000, 0x00000007c0000000)
  eden space 33280K, 100% used [0x0000000795580000,0x0000000797600000,0x0000000797600000)
  from space 5120K, 65% used [0x0000000797600000,0x0000000797947798,0x0000000797b00000)
  to   space 5120K, 0% used [0x0000000797b00000,0x0000000797b00000,0x0000000798000000)
 ParOldGen       total 87552K, used 0K [0x0000000740000000, 0x0000000745580000, 0x0000000795580000)
  object space 87552K, 0% used [0x0000000740000000,0x0000000740000000,0x0000000745580000)
 Metaspace       used 13499K, capacity 14300K, committed 14464K, reserved 1062912K
  class space    used 1613K, capacity 1869K, committed 1920K, reserved 1048576K
Event: 4.775 GC heap after
Heap after GC invocations=2 (full 0):
 PSYoungGen      total 38400K, used 5111K [0x0000000795580000, 0x0000000798000000, 0x00000007c0000000)
  eden space 33280K, 0% used [0x0000000795580000,0x0000000795580000,0x0000000797600000)
  from space 5120K, 99% used [0x0000000797b00000,0x0000000797ffde80,0x0000000798000000)
  to   space 5120K, 0% used [0x0000000797600000,0x0000000797600000,0x0000000797b00000)
 ParOldGen       total 87552K, used 4881K [0x0000000740000000, 0x0000000745580000, 0x0000000795580000)
  object space 87552K, 5% used [0x0000000740000000,0x00000007404c46a0,0x0000000745580000)
 Metaspace       used 13499K, capacity 14300K, committed 14464K, reserved 1062912K
  class space    used 1613K, capacity 1869K, committed 1920K, reserved 1048576K
}

Deoptimization events (4 events):
Event: 5.988 Thread 0x00007fda539be800 Uncommon trap: reason=unstable_if action=reinterpret pc=0x0000000111970d6c method=java.math.BigInteger.multiplyToLen([II[II[I)[I @ 13
Event: 6.753 Thread 0x00007fda54002000 Uncommon trap: reason=unstable_if action=reinterpret pc=0x0000000111a045f4 method=java.lang.AbstractStringBuilder.append(Ljava/lang/String;)Ljava/lang/AbstractStringBuilder; @ 1
Event: 6.798 Thread 0x00007fda54002000 Uncommon trap: reason=unstable_if action=reinterpret pc=0x000000011192bb48 method=java.lang.AbstractStringBuilder.append(Ljava/lang/String;)Ljava/lang/AbstractStringBuilder; @ 1
Event: 6.850 Thread 0x00007fda54002000 Uncommon trap: reason=unstable_if action=reinterpret pc=0x0000000111949ba4 method=sun.nio.cs.UTF_8$Encoder.encode([CII[B)I @ 33

Internal exceptions (10 events):
Event: 5.083 Thread 0x00007fda54002000 Exception <a 'java/lang/ClassNotFoundException': java/beans/StandardBeanInfo> (0x000000079575e078) thrown at [/Users/java_re/workspace/8-2-build-macosx-x86_64/jdk8u65/4987/hotspot/src/share/vm/classfile/systemDictionary.cpp, line 210]
Event: 5.101 Thread 0x00007fda54002000 Exception <a 'java/lang/ClassNotFoundException': com/sun/beans/AppContext> (0x000000079583a328) thrown at [/Users/java_re/workspace/8-2-build-macosx-x86_64/jdk8u65/4987/hotspot/src/share/vm/classfile/systemDictionary.cpp, line 210]
Event: 5.101 Thread 0x00007fda54002000 Exception <a 'java/lang/ClassNotFoundException': com/sun/beans/AppContext> (0x000000079583a5c8) thrown at [/Users/java_re/workspace/8-2-build-macosx-x86_64/jdk8u65/4987/hotspot/src/share/vm/classfile/systemDictionary.cpp, line 210]
Event: 5.117 Thread 0x00007fda54002000 Exception <a 'java/lang/ClassNotFoundException': com/sun/beans/introspect/ClassInfo> (0x0000000795841bf8) thrown at [/Users/java_re/workspace/8-2-build-macosx-x86_64/jdk8u65/4987/hotspot/src/share/vm/classfile/systemDictionary.cpp, line 210]
Event: 5.117 Thread 0x00007fda54002000 Exception <a 'java/lang/ClassNotFoundException': com/sun/beans/introspect/ClassInfo> (0x0000000795841eb0) thrown at [/Users/java_re/workspace/8-2-build-macosx-x86_64/jdk8u65/4987/hotspot/src/share/vm/classfile/systemDictionary.cpp, line 210]
Event: 5.208 Thread 0x00007fda54002000 Exception <a 'java/lang/ClassNotFoundException': com/ibm/oti/vm/VM> (0x00000007958c9528) thrown at [/Users/java_re/workspace/8-2-build-macosx-x86_64/jdk8u65/4987/hotspot/src/share/vm/classfile/systemDictionary.cpp, line 210]
Event: 5.356 Thread 0x00007fda54002000 Exception <a 'java/lang/ClassNotFoundException': com/ibm/oti/vm/VM> (0x00000007958eaf30) thrown at [/Users/java_re/workspace/8-2-build-macosx-x86_64/jdk8u65/4987/hotspot/src/share/vm/classfile/systemDictionary.cpp, line 210]
Event: 5.988 Thread 0x00007fda539be800 Implicit null exception at 0x000000011197095b to 0x0000000111970d41
Event: 6.753 Thread 0x00007fda54002000 Implicit null exception at 0x0000000111a04275 to 0x0000000111a045e1
Event: 6.798 Thread 0x00007fda54002000 Implicit null exception at 0x000000011192b7b3 to 0x000000011192bb35

Events (10 events):
Event: 6.909 loading class org/zeroturnaround/jrebel/stats/id/container/dsl/ContainerInfo done
Event: 6.909 Thread 0x00007fda54002000 DEOPT PACKING pc=0x0000000111a366de sp=0x0000700000181d00
Event: 6.909 Thread 0x00007fda54002000 DEOPT UNPACKING pc=0x0000000111847633 sp=0x0000700000181a50 mode 0
Event: 6.910 loading class org/zeroturnaround/jrebel/stats/id/container/dsl/ServerType
Event: 6.910 loading class org/zeroturnaround/jrebel/stats/id/container/dsl/ServerType done
Event: 6.933 loading class org/zeroturnaround/jrebel/stats/id/container/dsl/ServerVersion
Event: 6.933 loading class org/zeroturnaround/jrebel/stats/id/container/dsl/ServerVersion done
Event: 6.962 loading class java/util/regex/Pattern$1
Event: 6.962 loading class java/util/regex/Pattern$1 done
Event: 6.962 loading class com/zeroturnaround/javarebel/V


Dynamic libraries:
0x0000000009de5000 	/System/Library/Frameworks/Cocoa.framework/Versions/A/Cocoa
0x0000000009de5000 	/System/Library/Frameworks/Security.framework/Versions/A/Security
0x0000000009de5000 	/System/Library/Frameworks/ApplicationServices.framework/Versions/A/ApplicationServices
0x0000000009de5000 	/usr/lib/libz.1.dylib
0x0000000009de5000 	/usr/lib/libSystem.B.dylib
0x0000000009de5000 	/usr/lib/libobjc.A.dylib
0x0000000009de5000 	/System/Library/Frameworks/CoreFoundation.framework/Versions/A/CoreFoundation
0x0000000009de5000 	/System/Library/Frameworks/Foundation.framework/Versions/C/Foundation
0x0000000009de5000 	/System/Library/Frameworks/AppKit.framework/Versions/C/AppKit
0x0000000009de5000 	/System/Library/Frameworks/CoreData.framework/Versions/A/CoreData
0x0000000009de5000 	/System/Library/PrivateFrameworks/RemoteViewServices.framework/Versions/A/RemoteViewServices
0x0000000009de5000 	/System/Library/PrivateFrameworks/UIFoundation.framework/Versions/A/UIFoundation
0x0000000009de5000 	/usr/lib/libScreenReader.dylib
0x0000000009de5000 	/System/Library/Frameworks/Accelerate.framework/Versions/A/Accelerate
0x0000000009de5000 	/System/Library/Frameworks/IOSurface.framework/Versions/A/IOSurface
0x0000000009de5000 	/System/Library/Frameworks/AudioToolbox.framework/Versions/A/AudioToolbox
0x0000000009de5000 	/System/Library/Frameworks/AudioUnit.framework/Versions/A/AudioUnit
0x0000000009de5000 	/System/Library/PrivateFrameworks/DataDetectorsCore.framework/Versions/A/DataDetectorsCore
0x0000000009de5000 	/System/Library/PrivateFrameworks/DesktopServicesPriv.framework/Versions/A/DesktopServicesPriv
0x0000000009de5000 	/System/Library/Frameworks/Carbon.framework/Versions/A/Frameworks/HIToolbox.framework/Versions/A/HIToolbox
0x0000000009de5000 	/System/Library/Frameworks/QuartzCore.framework/Versions/A/QuartzCore
0x0000000009de5000 	/System/Library/Frameworks/Carbon.framework/Versions/A/Frameworks/SpeechRecognition.framework/Versions/A/SpeechRecognition
0x0000000009de5000 	/usr/lib/libauto.dylib
0x0000000009de5000 	/usr/lib/libicucore.A.dylib
0x0000000009de5000 	/usr/lib/libxml2.2.dylib
0x0000000009de5000 	/System/Library/PrivateFrameworks/CoreUI.framework/Versions/A/CoreUI
0x0000000009de5000 	/System/Library/Frameworks/CoreAudio.framework/Versions/A/CoreAudio
0x0000000009de5000 	/System/Library/Frameworks/DiskArbitration.framework/Versions/A/DiskArbitration
0x0000000009de5000 	/usr/lib/liblangid.dylib
0x0000000009de5000 	/System/Library/PrivateFrameworks/MultitouchSupport.framework/Versions/A/MultitouchSupport
0x0000000009de5000 	/System/Library/Frameworks/IOKit.framework/Versions/A/IOKit
0x0000000009de5000 	/usr/lib/libDiagnosticMessagesClient.dylib
0x0000000009de5000 	/System/Library/Frameworks/CoreServices.framework/Versions/A/CoreServices
0x0000000009de5000 	/System/Library/PrivateFrameworks/PerformanceAnalysis.framework/Versions/A/PerformanceAnalysis
0x0000000009de5000 	/System/Library/PrivateFrameworks/GenerationalStorage.framework/Versions/A/GenerationalStorage
0x0000000009de5000 	/System/Library/Frameworks/OpenGL.framework/Versions/A/OpenGL
0x0000000009de5000 	/System/Library/PrivateFrameworks/Sharing.framework/Versions/A/Sharing
0x0000000009de5000 	/System/Library/Frameworks/CoreGraphics.framework/Versions/A/CoreGraphics
0x0000000009de5000 	/System/Library/Frameworks/CoreImage.framework/Versions/A/CoreImage
0x0000000009de5000 	/System/Library/Frameworks/CoreText.framework/Versions/A/CoreText
0x0000000009de5000 	/System/Library/Frameworks/ImageIO.framework/Versions/A/ImageIO
0x0000000009de5000 	/System/Library/PrivateFrameworks/Backup.framework/Versions/A/Backup
0x0000000009de5000 	/usr/lib/libextension.dylib
0x0000000009de5000 	/usr/lib/libarchive.2.dylib
0x0000000009de5000 	/System/Library/Frameworks/CFNetwork.framework/Versions/A/CFNetwork
0x0000000009de5000 	/System/Library/Frameworks/SystemConfiguration.framework/Versions/A/SystemConfiguration
0x0000000009de5000 	/usr/lib/libCRFSuite.dylib
0x0000000009de5000 	/usr/lib/libc++.1.dylib
0x0000000009de5000 	/usr/lib/libc++abi.dylib
0x0000000009de5000 	/usr/lib/system/libcache.dylib
0x0000000009de5000 	/usr/lib/system/libcommonCrypto.dylib
0x0000000009de5000 	/usr/lib/system/libcompiler_rt.dylib
0x0000000009de5000 	/usr/lib/system/libcopyfile.dylib
0x0000000009de5000 	/usr/lib/system/libcorecrypto.dylib
0x0000000009de5000 	/usr/lib/system/libdispatch.dylib
0x0000000009de5000 	/usr/lib/system/libdyld.dylib
0x0000000009de5000 	/usr/lib/system/libkeymgr.dylib
0x0000000009de5000 	/usr/lib/system/liblaunch.dylib
0x0000000009de5000 	/usr/lib/system/libmacho.dylib
0x0000000009de5000 	/usr/lib/system/libquarantine.dylib
0x0000000009de5000 	/usr/lib/system/libremovefile.dylib
0x0000000009de5000 	/usr/lib/system/libsystem_asl.dylib
0x0000000009de5000 	/usr/lib/system/libsystem_blocks.dylib
0x0000000009de5000 	/usr/lib/system/libsystem_c.dylib
0x0000000009de5000 	/usr/lib/system/libsystem_configuration.dylib
0x0000000009de5000 	/usr/lib/system/libsystem_coreservices.dylib
0x0000000009de5000 	/usr/lib/system/libsystem_coretls.dylib
0x0000000009de5000 	/usr/lib/system/libsystem_dnssd.dylib
0x0000000009de5000 	/usr/lib/system/libsystem_info.dylib
0x0000000009de5000 	/usr/lib/system/libsystem_kernel.dylib
0x0000000009de5000 	/usr/lib/system/libsystem_m.dylib
0x0000000009de5000 	/usr/lib/system/libsystem_malloc.dylib
0x0000000009de5000 	/usr/lib/system/libsystem_network.dylib
0x0000000009de5000 	/usr/lib/system/libsystem_networkextension.dylib
0x0000000009de5000 	/usr/lib/system/libsystem_notify.dylib
0x0000000009de5000 	/usr/lib/system/libsystem_platform.dylib
0x0000000009de5000 	/usr/lib/system/libsystem_pthread.dylib
0x0000000009de5000 	/usr/lib/system/libsystem_sandbox.dylib
0x0000000009de5000 	/usr/lib/system/libsystem_secinit.dylib
0x0000000009de5000 	/usr/lib/system/libsystem_trace.dylib
0x0000000009de5000 	/usr/lib/system/libunc.dylib
0x0000000009de5000 	/usr/lib/system/libunwind.dylib
0x0000000009de5000 	/usr/lib/system/libxpc.dylib
0x0000000009de5000 	/usr/lib/libenergytrace.dylib
0x0000000009de5000 	/usr/lib/libbsm.0.dylib
0x0000000009de5000 	/usr/lib/system/libkxld.dylib
0x0000000009de5000 	/usr/lib/libxar.1.dylib
0x0000000009de5000 	/usr/lib/libsqlite3.dylib
0x0000000009de5000 	/usr/lib/libpam.2.dylib
0x0000000009de5000 	/usr/lib/libOpenScriptingUtil.dylib
0x0000000009de5000 	/usr/lib/libbz2.1.0.dylib
0x0000000009de5000 	/usr/lib/liblzma.5.dylib
0x0000000009de5000 	/System/Library/Frameworks/CoreServices.framework/Versions/A/Frameworks/FSEvents.framework/Versions/A/FSEvents
0x0000000009de5000 	/System/Library/Frameworks/CoreServices.framework/Versions/A/Frameworks/CarbonCore.framework/Versions/A/CarbonCore
0x0000000009de5000 	/System/Library/Frameworks/CoreServices.framework/Versions/A/Frameworks/Metadata.framework/Versions/A/Metadata
0x0000000009de5000 	/System/Library/Frameworks/CoreServices.framework/Versions/A/Frameworks/OSServices.framework/Versions/A/OSServices
0x0000000009de5000 	/System/Library/Frameworks/CoreServices.framework/Versions/A/Frameworks/SearchKit.framework/Versions/A/SearchKit
0x0000000009de5000 	/System/Library/Frameworks/CoreServices.framework/Versions/A/Frameworks/AE.framework/Versions/A/AE
0x0000000009de5000 	/System/Library/Frameworks/CoreServices.framework/Versions/A/Frameworks/LaunchServices.framework/Versions/A/LaunchServices
0x0000000009de5000 	/System/Library/Frameworks/CoreServices.framework/Versions/A/Frameworks/DictionaryServices.framework/Versions/A/DictionaryServices
0x0000000009de5000 	/System/Library/Frameworks/CoreServices.framework/Versions/A/Frameworks/SharedFileList.framework/Versions/A/SharedFileList
0x0000000009de5000 	/System/Library/Frameworks/NetFS.framework/Versions/A/NetFS
0x0000000009de5000 	/System/Library/PrivateFrameworks/NetAuth.framework/Versions/A/NetAuth
0x0000000009de5000 	/System/Library/PrivateFrameworks/login.framework/Versions/A/Frameworks/loginsupport.framework/Versions/A/loginsupport
0x0000000009de5000 	/System/Library/PrivateFrameworks/TCC.framework/Versions/A/TCC
0x0000000009de5000 	/usr/lib/libmecabra.dylib
0x0000000009de5000 	/System/Library/Frameworks/ApplicationServices.framework/Versions/A/Frameworks/ATS.framework/Versions/A/ATS
0x0000000009de5000 	/System/Library/Frameworks/ApplicationServices.framework/Versions/A/Frameworks/ColorSync.framework/Versions/A/ColorSync
0x0000000009de5000 	/System/Library/Frameworks/ApplicationServices.framework/Versions/A/Frameworks/HIServices.framework/Versions/A/HIServices
0x0000000009de5000 	/System/Library/Frameworks/ApplicationServices.framework/Versions/A/Frameworks/LangAnalysis.framework/Versions/A/LangAnalysis
0x0000000009de5000 	/System/Library/Frameworks/ApplicationServices.framework/Versions/A/Frameworks/PrintCore.framework/Versions/A/PrintCore
0x0000000009de5000 	/System/Library/Frameworks/ApplicationServices.framework/Versions/A/Frameworks/QD.framework/Versions/A/QD
0x0000000009de5000 	/System/Library/Frameworks/ApplicationServices.framework/Versions/A/Frameworks/SpeechSynthesis.framework/Versions/A/SpeechSynthesis
0x0000000009de5000 	/System/Library/Frameworks/Metal.framework/Versions/A/Metal
0x0000000009de5000 	/System/Library/Frameworks/Accelerate.framework/Versions/A/Frameworks/vImage.framework/Versions/A/vImage
0x0000000009de5000 	/System/Library/Frameworks/Accelerate.framework/Versions/A/Frameworks/vecLib.framework/Versions/A/vecLib
0x0000000009de5000 	/System/Library/Frameworks/Accelerate.framework/Versions/A/Frameworks/vecLib.framework/Versions/A/libvDSP.dylib
0x0000000009de5000 	/System/Library/Frameworks/Accelerate.framework/Versions/A/Frameworks/vecLib.framework/Versions/A/libvMisc.dylib
0x0000000009de5000 	/System/Library/Frameworks/Accelerate.framework/Versions/A/Frameworks/vecLib.framework/Versions/A/libLAPACK.dylib
0x0000000009de5000 	/System/Library/Frameworks/Accelerate.framework/Versions/A/Frameworks/vecLib.framework/Versions/A/libBLAS.dylib
0x0000000009de5000 	/System/Library/Frameworks/Accelerate.framework/Versions/A/Frameworks/vecLib.framework/Versions/A/libLinearAlgebra.dylib
0x0000000009de5000 	/System/Library/Frameworks/Accelerate.framework/Versions/A/Frameworks/vecLib.framework/Versions/A/libSparseBLAS.dylib
0x0000000009de5000 	/System/Library/PrivateFrameworks/GPUCompiler.framework/libmetal_timestamp.dylib
0x0000000009de5000 	/System/Library/Frameworks/OpenGL.framework/Versions/A/Libraries/libCoreFSCache.dylib
0x0000000009de5000 	/System/Library/PrivateFrameworks/IOAccelerator.framework/Versions/A/IOAccelerator
0x0000000009de5000 	/System/Library/Frameworks/ApplicationServices.framework/Versions/A/Frameworks/ATS.framework/Versions/A/Resources/libFontParser.dylib
0x0000000009de5000 	/System/Library/Frameworks/ApplicationServices.framework/Versions/A/Frameworks/ATS.framework/Versions/A/Resources/libFontRegistry.dylib
0x0000000009de5000 	/System/Library/PrivateFrameworks/AppleVPA.framework/Versions/A/AppleVPA
0x0000000009de5000 	/System/Library/PrivateFrameworks/AppleJPEG.framework/Versions/A/AppleJPEG
0x0000000009de5000 	/System/Library/Frameworks/ImageIO.framework/Versions/A/Resources/libJPEG.dylib
0x0000000009de5000 	/System/Library/Frameworks/ImageIO.framework/Versions/A/Resources/libTIFF.dylib
0x0000000009de5000 	/System/Library/Frameworks/ImageIO.framework/Versions/A/Resources/libPng.dylib
0x0000000009de5000 	/System/Library/Frameworks/ImageIO.framework/Versions/A/Resources/libGIF.dylib
0x0000000009de5000 	/System/Library/Frameworks/ImageIO.framework/Versions/A/Resources/libJP2.dylib
0x0000000009de5000 	/System/Library/Frameworks/ImageIO.framework/Versions/A/Resources/libRadiance.dylib
0x0000000009de5000 	/System/Library/Frameworks/CoreVideo.framework/Versions/A/CoreVideo
0x0000000009de5000 	/System/Library/Frameworks/OpenGL.framework/Versions/A/Libraries/libGLU.dylib
0x0000000009de5000 	/System/Library/Frameworks/OpenGL.framework/Versions/A/Libraries/libGFXShared.dylib
0x0000000009de5000 	/System/Library/Frameworks/OpenGL.framework/Versions/A/Libraries/libGL.dylib
0x0000000009de5000 	/System/Library/Frameworks/OpenGL.framework/Versions/A/Libraries/libGLImage.dylib
0x0000000009de5000 	/System/Library/Frameworks/OpenGL.framework/Versions/A/Libraries/libCVMSPluginSupport.dylib
0x0000000009de5000 	/System/Library/Frameworks/OpenGL.framework/Versions/A/Libraries/libCoreVMClient.dylib
0x0000000009de5000 	/usr/lib/libcups.2.dylib
0x0000000009de5000 	/System/Library/Frameworks/Kerberos.framework/Versions/A/Kerberos
0x0000000009de5000 	/System/Library/Frameworks/GSS.framework/Versions/A/GSS
0x0000000009de5000 	/usr/lib/libresolv.9.dylib
0x0000000009de5000 	/usr/lib/libiconv.2.dylib
0x0000000009de5000 	/System/Library/PrivateFrameworks/Heimdal.framework/Versions/A/Heimdal
0x0000000009de5000 	/usr/lib/libheimdal-asn1.dylib
0x0000000009de5000 	/System/Library/Frameworks/OpenDirectory.framework/Versions/A/OpenDirectory
0x0000000009de5000 	/System/Library/PrivateFrameworks/CommonAuth.framework/Versions/A/CommonAuth
0x0000000009de5000 	/System/Library/Frameworks/OpenDirectory.framework/Versions/A/Frameworks/CFOpenDirectory.framework/Versions/A/CFOpenDirectory
0x0000000009de5000 	/System/Library/Frameworks/SecurityFoundation.framework/Versions/A/SecurityFoundation
0x0000000009de5000 	/System/Library/PrivateFrameworks/LanguageModeling.framework/Versions/A/LanguageModeling
0x0000000009de5000 	/usr/lib/libmarisa.dylib
0x0000000009de5000 	/usr/lib/libChineseTokenizer.dylib
0x0000000009de5000 	/usr/lib/libcmph.dylib
0x0000000009de5000 	/usr/lib/libcompression.dylib
0x0000000009de5000 	/System/Library/Frameworks/ServiceManagement.framework/Versions/A/ServiceManagement
0x0000000009de5000 	/usr/lib/libxslt.1.dylib
0x0000000009de5000 	/System/Library/Frameworks/Carbon.framework/Versions/A/Frameworks/Ink.framework/Versions/A/Ink
0x0000000009de5000 	/usr/lib/libFosl_dynamic.dylib
0x0000000009de5000 	/System/Library/PrivateFrameworks/FaceCore.framework/Versions/A/FaceCore
0x0000000009de5000 	/System/Library/Frameworks/OpenCL.framework/Versions/A/OpenCL
0x0000000009de5000 	/System/Library/PrivateFrameworks/CrashReporterSupport.framework/Versions/A/CrashReporterSupport
0x0000000009de5000 	/System/Library/PrivateFrameworks/IconServices.framework/Versions/A/IconServices
0x0000000009de5000 	/System/Library/PrivateFrameworks/Apple80211.framework/Versions/A/Apple80211
0x0000000009de5000 	/System/Library/Frameworks/CoreWLAN.framework/Versions/A/CoreWLAN
0x0000000009de5000 	/System/Library/Frameworks/IOBluetooth.framework/Versions/A/IOBluetooth
0x0000000009de5000 	/System/Library/PrivateFrameworks/CoreWiFi.framework/Versions/A/CoreWiFi
0x0000000009de5000 	/System/Library/Frameworks/CoreBluetooth.framework/Versions/A/CoreBluetooth
0x0000000009de5000 	/System/Library/PrivateFrameworks/ChunkingLibrary.framework/Versions/A/ChunkingLibrary
0x0000000009de5000 	/System/Library/PrivateFrameworks/DebugSymbols.framework/Versions/A/DebugSymbols
0x0000000009de5000 	/System/Library/PrivateFrameworks/CoreSymbolication.framework/Versions/A/CoreSymbolication
0x0000000009de5000 	/System/Library/PrivateFrameworks/Symbolication.framework/Versions/A/Symbolication
0x0000000009de5000 	/System/Library/PrivateFrameworks/SpeechRecognitionCore.framework/Versions/A/SpeechRecognitionCore
0x000000010fe80000 	/Library/Java/JavaVirtualMachines/jdk1.8.0_65.jdk/Contents/Home/jre/lib/server/libjvm.dylib
0x0000000009de5000 	/usr/lib/libstdc++.6.dylib
0x0000000110e09000 	/Library/Java/JavaVirtualMachines/jdk1.8.0_65.jdk/Contents/Home/jre/lib/libverify.dylib
0x0000000110e17000 	/Library/Java/JavaVirtualMachines/jdk1.8.0_65.jdk/Contents/Home/jre/lib/libjava.dylib
0x0000000110e4d000 	/Library/Java/JavaVirtualMachines/jdk1.8.0_65.jdk/Contents/Home/jre/lib/libinstrument.dylib
0x0000000110eaf000 	/Library/Java/JavaVirtualMachines/jdk1.8.0_65.jdk/Contents/Home/jre/lib/libzip.dylib
0x0000000127001000 	/System/Library/Frameworks/JavaVM.framework/Frameworks/JavaRuntimeSupport.framework/JavaRuntimeSupport
0x000000012701c000 	/System/Library/Frameworks/JavaVM.framework/Versions/A/Frameworks/JavaNativeFoundation.framework/Versions/A/JavaNativeFoundation
0x0000000110ff1000 	/System/Library/Frameworks/JavaVM.framework/Versions/A/JavaVM
0x0000000009de5000 	/System/Library/Frameworks/Carbon.framework/Versions/A/Carbon
0x0000000127031000 	/System/Library/PrivateFrameworks/JavaLaunching.framework/Versions/A/JavaLaunching
0x0000000009de5000 	/System/Library/Frameworks/Carbon.framework/Versions/A/Frameworks/CommonPanels.framework/Versions/A/CommonPanels
0x0000000009de5000 	/System/Library/Frameworks/Carbon.framework/Versions/A/Frameworks/Help.framework/Versions/A/Help
0x0000000009de5000 	/System/Library/Frameworks/Carbon.framework/Versions/A/Frameworks/ImageCapture.framework/Versions/A/ImageCapture
0x0000000009de5000 	/System/Library/Frameworks/Carbon.framework/Versions/A/Frameworks/OpenScripting.framework/Versions/A/OpenScripting
0x0000000009de5000 	/System/Library/Frameworks/Carbon.framework/Versions/A/Frameworks/Print.framework/Versions/A/Print
0x0000000009de5000 	/System/Library/Frameworks/Carbon.framework/Versions/A/Frameworks/SecurityHI.framework/Versions/A/SecurityHI
0x0000000128b4d000 	/Library/Java/JavaVirtualMachines/jdk1.8.0_65.jdk/Contents/Home/jre/lib/libnet.dylib
0x0000000128e8d000 	/Library/Java/JavaVirtualMachines/jdk1.8.0_65.jdk/Contents/Home/jre/lib/libsunec.dylib
0x0000000128ebb000 	/Library/Java/JavaVirtualMachines/jdk1.8.0_65.jdk/Contents/Home/jre/lib/libnio.dylib
0x00000001293d0000 	/Library/Java/JavaVirtualMachines/jdk1.8.0_65.jdk/Contents/Home/jre/lib/libmanagement.dylib
0x000000012969a000 	/Applications/IntelliJ IDEA 15.app/Contents/bin/libbreakgen64.jnilib

VM Arguments:
jvm_args: -Drebel.base=/Users/yangyang/.jrebel -Drebel.env.ide.plugin.version=6.3.3-idea-13-15 -Drebel.env.ide.version=15.0.2 -Drebel.env.ide.product=IU -Drebel.env.ide=intellij -Drebel.notification.url=http://localhost:62505 -javaagent:/var/folders/2m/rklhsjxs1vd08tq526pvjbqh0000gn/T/jrebel-temp/jrebel.jar -Didea.launcher.port=7533 -Didea.launcher.bin.path=/Applications/IntelliJ IDEA 15.app/Contents/bin -Dfile.encoding=UTF-8 
java_command: com.intellij.rt.execution.application.AppMain Main
java_class_path (initial): /Library/Java/JavaVirtualMachines/jdk1.8.0_65.jdk/Contents/Home/jre/lib/charsets.jar:/Library/Java/JavaVirtualMachines/jdk1.8.0_65.jdk/Contents/Home/jre/lib/deploy.jar:/Library/Java/JavaVirtualMachines/jdk1.8.0_65.jdk/Contents/Home/jre/lib/ext/cldrdata.jar:/Library/Java/JavaVirtualMachines/jdk1.8.0_65.jdk/Contents/Home/jre/lib/ext/dnsns.jar:/Library/Java/JavaVirtualMachines/jdk1.8.0_65.jdk/Contents/Home/jre/lib/ext/jaccess.jar:/Library/Java/JavaVirtualMachines/jdk1.8.0_65.jdk/Contents/Home/jre/lib/ext/jfxrt.jar:/Library/Java/JavaVirtualMachines/jdk1.8.0_65.jdk/Contents/Home/jre/lib/ext/localedata.jar:/Library/Java/JavaVirtualMachines/jdk1.8.0_65.jdk/Contents/Home/jre/lib/ext/nashorn.jar:/Library/Java/JavaVirtualMachines/jdk1.8.0_65.jdk/Contents/Home/jre/lib/ext/sunec.jar:/Library/Java/JavaVirtualMachines/jdk1.8.0_65.jdk/Contents/Home/jre/lib/ext/sunjce_provider.jar:/Library/Java/JavaVirtualMachines/jdk1.8.0_65.jdk/Contents/Home/jre/lib/ext/sunpkcs11.jar:/Library/Java/JavaVirtualMachines/jdk1.8.0_65.jdk/Contents/Home/jre/lib/ext/zipfs.jar:/Library/Java/JavaVirtualMachines/jdk1.8.0_65.jdk/Contents/Home/jre/lib/javaws.jar:/Library/Java/JavaVirtualMachines/jdk1.8.0_65.jdk/Contents/Home/jre/lib/jce.jar:/Library/Java/JavaVirtualMachines/jdk1.8.0_65.jdk/Contents/Home/jre/lib/jfr.jar:/Library/Java/JavaVirtualMachines/jdk1.8.0_65.jdk/Contents/Home/jre/lib/jfxswt.jar:/Library/Java/JavaVirtualMachines/jdk1.8.0_65.jdk/Contents/Home/jre/lib/jsse.jar:/Library/Java/JavaVirtualMachines/jdk1.8.0_65.jdk/Contents/Home/jre/lib/management-agent.jar:/Library/Java/JavaVirtualMachines/jdk1.8.0_65.jdk/Contents/Home/jre/lib/plugin.jar:/Library/Java/JavaVirtualMachines/jdk1.8.0_65.jdk/Contents/Home/jre/lib/resources.jar:/Library/Java/JavaVirtualMachines/jdk1.8.0_65.jdk/Contents/Home/jre/lib/rt.jar:/Library/Java/JavaVirtualMachines/jdk1.8.0_65.jdk/Contents/Home/lib/ant-javafx.jar:/Library/Java/JavaVirtualMachines/jdk1.8.0_65.jdk/Contents/Home/lib/dt.jar:/Library/Ja
Launcher Type: SUN_STANDARD

Environment Variables:
JAVA_HOME=/Library/Java/JavaVirtualMachines/jdk1.8.0_65.jdk/Contents/Home
PATH=/usr/local/bin:/usr/bin:/bin:/usr/sbin:/sbin:/usr/local/go/bin:/usr/local/nginx:/Library/Frameworks/Python.framework/Versions/3.5/bin:/usr/local/apache-maven-3.3.9/bin
SHELL=/bin/zsh

Signal Handlers:
SIGSEGV: [libjvm.dylib+0x5a6d31], sa_mask[0]=11111111011111110111111111111111, sa_flags=SA_ONSTACK|SA_RESTART|SA_SIGINFO
SIGBUS: [libjvm.dylib+0x5a6d31], sa_mask[0]=11111111011111110111111111111111, sa_flags=SA_RESTART|SA_SIGINFO
SIGFPE: [libjvm.dylib+0x480a40], sa_mask[0]=11111111011111110111111111111111, sa_flags=SA_RESTART|SA_SIGINFO
SIGPIPE: [libjvm.dylib+0x480a40], sa_mask[0]=11111111011111110111111111111111, sa_flags=SA_RESTART|SA_SIGINFO
SIGXFSZ: [libjvm.dylib+0x480a40], sa_mask[0]=11111111011111110111111111111111, sa_flags=SA_RESTART|SA_SIGINFO
SIGILL: [libjvm.dylib+0x480a40], sa_mask[0]=11111111011111110111111111111111, sa_flags=SA_RESTART|SA_SIGINFO
SIGUSR1: SIG_DFL, sa_mask[0]=00000000000000000000000000000000, sa_flags=none
SIGUSR2: [libjvm.dylib+0x48055e], sa_mask[0]=00100000000000000000000000000000, sa_flags=SA_RESTART|SA_SIGINFO
SIGHUP: [libjvm.dylib+0x47eb35], sa_mask[0]=11111111011111110111111111111111, sa_flags=SA_RESTART|SA_SIGINFO
SIGINT: [libjvm.dylib+0x47eb35], sa_mask[0]=11111111011111110111111111111111, sa_flags=SA_RESTART|SA_SIGINFO
SIGTERM: [libjvm.dylib+0x47eb35], sa_mask[0]=11111111011111110111111111111111, sa_flags=SA_RESTART|SA_SIGINFO
SIGQUIT: [libjvm.dylib+0x47eb35], sa_mask[0]=11111111011111110111111111111111, sa_flags=SA_RESTART|SA_SIGINFO


---------------  S Y S T E M  ---------------

OS:Bsduname:Darwin 15.3.0 Darwin Kernel Version 15.3.0: Thu Dec 10 18:40:58 PST 2015; root:xnu-3248.30.4~1/RELEASE_X86_64 x86_64
rlimit: STACK 8192k, CORE 0k, NPROC 709, NOFILE 10240, AS infinity
load average:4.81 7.78 5.06

CPU:total 4 (2 cores per cpu, 2 threads per core) family 6 model 69 stepping 1, cmov, cx8, fxsr, mmx, sse, sse2, sse3, ssse3, sse4.1, sse4.2, popcnt, avx, avx2, aes, clmul, erms, lzcnt, ht, tsc, tscinvbit, bmi1, bmi2

Memory: 4k page, physical 8388608k(186392k free)

/proc/meminfo:


vm_info: Java HotSpot(TM) 64-Bit Server VM (25.65-b01) for bsd-amd64 JRE (1.8.0_65-b17), built on Oct  6 2015 15:36:46 by "java_re" with gcc 4.2.1 (Based on Apple Inc. build 5658) (LLVM build 2336.11.00)

time: Tue Feb 23 18:53:26 2016
elapsed time: 7 seconds (0d 0h 0m 7s)

